#
# There is insufficient memory for the Java Runtime Environment to continue.
# Native memory allocation (malloc) failed to allocate 1048576 bytes. Error detail: AllocateHeap
# Possible reasons:
#   The system is out of physical RAM or swap space
#   This process is running with CompressedOops enabled, and the Java Heap may be blocking the growth of the native heap
# Possible solutions:
#   Reduce memory load on the system
#   Increase physical memory or swap space
#   Check if swap backing store is full
#   Decrease Java heap size (-Xmx/-Xms)
#   Decrease number of Java threads
#   Decrease Java thread stack sizes (-Xss)
#   Set larger code cache with -XX:ReservedCodeCacheSize=
#   JVM is running with Unscaled Compressed Oops mode in which the Java heap is
#     placed in the first 4GB address space. The Java Heap base address is the
#     maximum limit for the native heap growth. Please use -XX:HeapBaseMinAddress
#     to set the Java Heap base and to place the Java Heap above 4GB virtual address.
# This output file may be truncated or incomplete.
#
#  Out of Memory Error (allocation.cpp:44), pid=28140, tid=10716
#
# JRE version:  (21.0.7+6) (build )
# Java VM: OpenJDK 64-Bit Server VM (21.0.7+6-b1038.58, mixed mode, sharing, tiered, compressed oops, compressed class ptrs, g1 gc, windows-amd64)
# No core dump will be written. Minidumps are not enabled by default on client versions of Windows
#

---------------  S U M M A R Y ------------

Command Line: -Djava.io.tmpdir=C:\Users\ENP\AppData\Local\JetBrains\Rider2025.2\tmp\statistics-uploader com.intellij.internal.statistic.uploader.EventLogUploader --ide-token C:\Users\ENP\AppData\Local\JetBrains\Rider2025.2\token --recorders FUS;MP;ML --device-fus 27032517a723446-fc23-45ef-89e4-94f4c51c08d4 --bucket-fus 249 --machine-fus ca51a7845eac44d14df7552b9ab18d36c8b8945ec1c836ae7da746fb7fede267 --id-revision-fus 0 --files-fus C:\Users\ENP\AppData\Local\JetBrains\Rider2025.2\event-log-data\logs\FUS\92de-4ce9-820f-103382c9a86f-252.23892.537-release.log;C:\Users\ENP\AppData\Local\JetBrains\Rider2025.2\event-log-data\logs\FUS\9909-4e33-bc41-d39f80c1421c-252.23892.537-release.log;C:\Users\ENP\AppData\Local\JetBrains\Rider2025.2\event-log-data\logs\FUS\bfe0-4953-902a-6f99162006f0-252.23892.537-release.log;C:\Users\ENP\AppData\Local\JetBrains\Rider2025.2\event-log-data\logs\FUS\dadb-4932-b2ac-22e18be7462d-252.23892.537-release.log;C:\Users\ENP\AppData\Local\JetBrains\Rider2025.2\event-log-data\logs\FUS\e6ad-474d-9681-9a3a68ac1aad-252.23892.537-release.log --escape-fus false --device-mp 2209251bbc4db00-858f-41ab-9036-bfa623b463e2 --bucket-mp 99 --machine-mp 13aa949848019ffa698d2465b6dec399fa84203cf21fb3623b0f0b692166116d --id-revision-mp 0 --files-mp C:\Users\ENP\AppData\Local\JetBrains\Rider2025.2\event-log-data\logs\MP\3496-4c9a-a177-81c067f1e98a-252.23892.537-release.log --escape-mp false --device-ml 27032517a723446-fc23-45ef-89e4-94f4c51c08d4 --bucket-ml 249 --machine-ml ca51a7845eac44d14df7552b9ab18d36c8b8945ec1c836ae7da746fb7fede267 --id-revision-ml 0 --files-ml C:\Users\ENP\AppData\Local\JetBrains\Rider2025.2\event-log-data\logs\ML\dfe4-42cb-bba5-6ea45f500a04-252.23892.537-release.log --escape-ml false --regional-code not_set --product RD --product-version 2025.2.0.1 --baseline-version 252 --user-agent JetBrains Rider/252.23892.537 --extra-headers 

Host: AMD Ryzen 7 2700 Eight-Core Processor          , 16 cores, 23G,  Windows 11 , 64 bit Build 26100 (10.0.26100.4484)
Time: Fri Oct 24 15:04:32 2025 RTZ 2 (s 11 , 64 bit Build 26100 (10.0.26100.4484) elapsed time: 3.468589 seconds (0d 0h 0m 3s)

---------------  T H R E A D  ---------------

Current thread (0x000001b1c461f860):  JavaThread "Unknown thread" [_thread_in_vm, id=10716, stack(0x0000003737e00000,0x0000003737f00000) (1024K)]

Stack: [0x0000003737e00000,0x0000003737f00000]
Native frames: (J=compiled Java code, j=interpreted, Vv=VM code, C=native code)
V  [jvm.dll+0x6e7c19]
V  [jvm.dll+0x8c5f53]
V  [jvm.dll+0x8c84ae]
V  [jvm.dll+0x8c8b93]
V  [jvm.dll+0x2899e6]
V  [jvm.dll+0xc0f17]
V  [jvm.dll+0x3345b5]
V  [jvm.dll+0x88d37d]
V  [jvm.dll+0x3cb218]
V  [jvm.dll+0x876408]
V  [jvm.dll+0x45ff5e]
V  [jvm.dll+0x461c41]
C  [jli.dll+0x52ab]
C  [ucrtbase.dll+0x37b0]
C  [KERNEL32.DLL+0x2e8d7]
C  [ntdll.dll+0x3c34c]


---------------  P R O C E S S  ---------------

Threads class SMR info:
_java_thread_list=0x00007ff9970dd188, length=0, elements={
}

Java Threads: ( => current thread )
Total: 0

Other Threads:

=>0x000001b1c461f860 (exited) JavaThread "Unknown thread"    [_thread_in_vm, id=10716, stack(0x0000003737e00000,0x0000003737f00000) (1024K)]
Total: 1

Threads with active compile tasks:
Total: 0

VM state: not at safepoint (not fully initialized)

VM Mutex/Monitor currently owned by a thread: None

Heap address: 0x0000000000000000, size: 0 MB, Compressed Oops mode: 32-bit

CDS archive(s) mapped at: [0x0000000000000000-0x0000000000000000-0x0000000000000000), size 0, SharedBaseAddress: 0x0000000800000000, ArchiveRelocationMode: 1.
Narrow klass base: 0x0000000000000000, Narrow klass shift: 0, Narrow klass range: 0x0

GC Precious Log:
 CardTable entry size: 512
 Card Set container configuration: InlinePtr #cards 4 size 8 Array Of Cards #cards 32 size 80 Howl #buckets 8 coarsen threshold 7372 Howl Bitmap #cards 1024 size 144 coarsen threshold 921 Card regions per heap region 1 cards per card region 8192

GC Heap History (0 events):
No events

Dll operation events (1 events):
Event: 0.071 Loaded shared library C:\Program Files\JetBrains\JetBrains Rider 2025.2.0.1\jbr\bin\java.dll

Deoptimization events (0 events):
No events

Classes loaded (0 events):
No events

Classes unloaded (0 events):
No events

Classes redefined (0 events):
No events

Internal exceptions (0 events):
No events

ZGC Phase Switch (0 events):
No events

VM Operations (0 events):
No events

Memory protections (0 events):
No events

Nmethod flushes (0 events):
No events

Events (0 events):
No events


Dynamic libraries:
0x00007ff7d7240000 - 0x00007ff7d724a000 	C:\Program Files\JetBrains\JetBrains Rider 2025.2.0.1\jbr\bin\java.exe
0x00007ffa87ce0000 - 0x00007ffa87f48000 	C:\WINDOWS\SYSTEM32\ntdll.dll
0x00007ffa85eb0000 - 0x00007ffa85f79000 	C:\WINDOWS\System32\KERNEL32.DLL
0x00007ffa85330000 - 0x00007ffa8571d000 	C:\WINDOWS\System32\KERNELBASE.dll
0x00007ffa85930000 - 0x00007ffa85a7b000 	C:\WINDOWS\System32\ucrtbase.dll
0x00007ffa4ea20000 - 0x00007ffa4ea3b000 	C:\Program Files\JetBrains\JetBrains Rider 2025.2.0.1\jbr\bin\VCRUNTIME140.dll
0x00007ffa5d510000 - 0x00007ffa5d528000 	C:\Program Files\JetBrains\JetBrains Rider 2025.2.0.1\jbr\bin\jli.dll
0x00007ffa86400000 - 0x00007ffa865cc000 	C:\WINDOWS\System32\USER32.dll
0x00007ffa69860000 - 0x00007ffa69afa000 	C:\WINDOWS\WinSxS\amd64_microsoft.windows.common-controls_6595b64144ccf1df_6.0.26100.4484_none_3e0e6d4ce32ef3b3\COMCTL32.dll
0x00007ffa85900000 - 0x00007ffa85927000 	C:\WINDOWS\System32\win32u.dll
0x00007ffa87a70000 - 0x00007ffa87b19000 	C:\WINDOWS\System32\msvcrt.dll
0x00007ffa85cc0000 - 0x00007ffa85ceb000 	C:\WINDOWS\System32\GDI32.dll
0x00007ffa85720000 - 0x00007ffa85857000 	C:\WINDOWS\System32\gdi32full.dll
0x00007ffa851c0000 - 0x00007ffa85263000 	C:\WINDOWS\System32\msvcp_win.dll
0x00007ffa85f80000 - 0x00007ffa85faf000 	C:\WINDOWS\System32\IMM32.DLL
0x00007ffa7e910000 - 0x00007ffa7e91c000 	C:\Program Files\JetBrains\JetBrains Rider 2025.2.0.1\jbr\bin\vcruntime140_1.dll
0x00007ff9fb030000 - 0x00007ff9fb0bd000 	C:\Program Files\JetBrains\JetBrains Rider 2025.2.0.1\jbr\bin\msvcp140.dll
0x00007ff996480000 - 0x00007ff997244000 	C:\Program Files\JetBrains\JetBrains Rider 2025.2.0.1\jbr\bin\server\jvm.dll
0x00007ffa879b0000 - 0x00007ffa87a64000 	C:\WINDOWS\System32\ADVAPI32.dll
0x00007ffa865e0000 - 0x00007ffa86686000 	C:\WINDOWS\System32\sechost.dll
0x00007ffa85b90000 - 0x00007ffa85ca8000 	C:\WINDOWS\System32\RPCRT4.dll
0x00007ffa85a80000 - 0x00007ffa85af4000 	C:\WINDOWS\System32\WS2_32.dll
0x00007ffa84bd0000 - 0x00007ffa84c2e000 	C:\WINDOWS\SYSTEM32\POWRPROF.dll
0x00007ffa743a0000 - 0x00007ffa743d5000 	C:\WINDOWS\SYSTEM32\WINMM.dll
0x00007ffa7bd80000 - 0x00007ffa7bd8b000 	C:\WINDOWS\SYSTEM32\VERSION.dll
0x00007ffa84bb0000 - 0x00007ffa84bc4000 	C:\WINDOWS\SYSTEM32\UMPDC.dll
0x00007ffa83be0000 - 0x00007ffa83bfb000 	C:\WINDOWS\SYSTEM32\kernel.appcore.dll
0x00007ffa7e8a0000 - 0x00007ffa7e8aa000 	C:\Program Files\JetBrains\JetBrains Rider 2025.2.0.1\jbr\bin\jimage.dll
0x00007ffa73600000 - 0x00007ffa73841000 	C:\WINDOWS\SYSTEM32\DBGHELP.DLL
0x00007ffa86690000 - 0x00007ffa86a16000 	C:\WINDOWS\System32\combase.dll
0x00007ffa85cf0000 - 0x00007ffa85dd0000 	C:\WINDOWS\System32\OLEAUT32.dll
0x00007ffa4e9c0000 - 0x00007ffa4ea03000 	C:\WINDOWS\SYSTEM32\dbgcore.DLL
0x00007ffa85860000 - 0x00007ffa858f9000 	C:\WINDOWS\System32\bcryptPrimitives.dll
0x00007ffa4c070000 - 0x00007ffa4c090000 	C:\Program Files\JetBrains\JetBrains Rider 2025.2.0.1\jbr\bin\java.dll

dbghelp: loaded successfully - version: 4.0.5 - missing functions: none
symbol engine: initialized successfully - sym options: 0x614 - pdb path: .;C:\Program Files\JetBrains\JetBrains Rider 2025.2.0.1\jbr\bin;C:\WINDOWS\SYSTEM32;C:\WINDOWS\WinSxS\amd64_microsoft.windows.common-controls_6595b64144ccf1df_6.0.26100.4484_none_3e0e6d4ce32ef3b3;C:\Program Files\JetBrains\JetBrains Rider 2025.2.0.1\jbr\bin\server

VM Arguments:
jvm_args: -Djava.io.tmpdir=C:\Users\ENP\AppData\Local\JetBrains\Rider2025.2\tmp\statistics-uploader 
java_command: com.intellij.internal.statistic.uploader.EventLogUploader --ide-token C:\Users\ENP\AppData\Local\JetBrains\Rider2025.2\token --recorders FUS;MP;ML --device-fus 27032517a723446-fc23-45ef-89e4-94f4c51c08d4 --bucket-fus 249 --machine-fus ca51a7845eac44d14df7552b9ab18d36c8b8945ec1c836ae7da746fb7fede267 --id-revision-fus 0 --files-fus C:\Users\ENP\AppData\Local\JetBrains\Rider2025.2\event-log-data\logs\FUS\92de-4ce9-820f-103382c9a86f-252.23892.537-release.log;C:\Users\ENP\AppData\Local\JetBrains\Rider2025.2\event-log-data\logs\FUS\9909-4e33-bc41-d39f80c1421c-252.23892.537-release.log;C:\Users\ENP\AppData\Local\JetBrains\Rider2025.2\event-log-data\logs\FUS\bfe0-4953-902a-6f99162006f0-252.23892.537-release.log;C:\Users\ENP\AppData\Local\JetBrains\Rider2025.2\event-log-data\logs\FUS\dadb-4932-b2ac-22e18be7462d-252.23892.537-release.log;C:\Users\ENP\AppData\Local\JetBrains\Rider2025.2\event-log-data\logs\FUS\e6ad-474d-9681-9a3a68ac1aad-252.23892.537-release.log --escape-fus false --device-mp 2209251bbc4db00-858f-41ab-9036-bfa623b463e2 --bucket-mp 99 --machine-mp 13aa949848019ffa698d2465b6dec399fa84203cf21fb3623b0f0b692166116d --id-revision-mp 0 --files-mp C:\Users\ENP\AppData\Local\JetBrains\Rider2025.2\event-log-data\logs\MP\3496-4c9a-a177-81c067f1e98a-252.23892.537-release.log --escape-mp false --device-ml 27032517a723446-fc23-45ef-89e4-94f4c51c08d4 --bucket-ml 249 --machine-ml ca51a7845eac44d14df7552b9ab18d36c8b8945ec1c836ae7da746fb7fede267 --id-revision-ml 0 --files-ml C:\Users\ENP\AppData\Local\JetBrains\Rider2025.2\event-log-data\logs\ML\dfe4-42cb-bba5-6ea45f500a04-252.23892.537-release.log --escape-ml false --regional-code not_set --product RD --product-version 2025.2.0.1 --baseline-version 252 --user-agent JetBrains Rider/252.23892.537 --extra-headers 
java_class_path (initial): C:\Program Files\JetBrains\JetBrains Rider 2025.2.0.1\lib\util-8.jar;C:\Program Files\JetBrains\JetBrains Rider 2025.2.0.1\lib\annotations.jar;C:\Program Files\JetBrains\JetBrains Rider 2025.2.0.1\lib\lib-client.jar;C:\Program Files\JetBrains\JetBrains Rider 2025.2.0.1\lib\stats.jar
Launcher Type: SUN_STANDARD

[Global flags]
     intx CICompilerCount                          = 12                                        {product} {ergonomic}
     uint ConcGCThreads                            = 3                                         {product} {ergonomic}
     uint G1ConcRefinementThreads                  = 13                                        {product} {ergonomic}
   size_t G1HeapRegionSize                         = 4194304                                   {product} {ergonomic}
    uintx GCDrainStackTargetSize                   = 64                                        {product} {ergonomic}
   size_t InitialHeapSize                          = 402653184                                 {product} {ergonomic}
   size_t MarkStackSize                            = 4194304                                   {product} {ergonomic}
   size_t MaxHeapSize                              = 6425673728                                {product} {ergonomic}
   size_t MinHeapDeltaBytes                        = 4194304                                   {product} {ergonomic}
   size_t MinHeapSize                              = 8388608                                   {product} {ergonomic}
    uintx NonNMethodCodeHeapSize                   = 7602480                                {pd product} {ergonomic}
    uintx NonProfiledCodeHeapSize                  = 122027880                              {pd product} {ergonomic}
    uintx ProfiledCodeHeapSize                     = 122027880                              {pd product} {ergonomic}
    uintx ReservedCodeCacheSize                    = 251658240                              {pd product} {ergonomic}
     bool SegmentedCodeCache                       = true                                      {product} {ergonomic}
   size_t SoftMaxHeapSize                          = 6425673728                             {manageable} {ergonomic}
     bool UseCompressedOops                        = true                           {product lp64_product} {ergonomic}
     bool UseG1GC                                  = true                                      {product} {ergonomic}
     bool UseLargePagesIndividualAllocation        = false                                  {pd product} {ergonomic}

Logging:
Log output configuration:
 #0: stdout all=warning uptime,level,tags foldmultilines=false
 #1: stderr all=off uptime,level,tags foldmultilines=false

Environment Variables:
PATH=C:\Program Files (x86)\Common Files\Oracle\Java\java8path;C:\Program Files (x86)\Common Files\Oracle\Java\javapath;C:\ProgramData\Oracle\Java\javapath;C:\WINDOWS\system32;C:\WINDOWS;C:\WINDOWS\System32\Wbem;C:\WINDOWS\System32\WindowsPowerShell\v1.0\;C:\WINDOWS\System32\OpenSSH\;C:\Program Files (x86)\NVIDIA Corporation\PhysX\Common;C:\Program Files\dotnet\;I:\Windows Kits\10\Windows Performance Toolkit\;C:\Program Files\Microsoft SQL Server\Client SDK\ODBC\170\Tools\Binn\;C:\Program Files (x86)\Microsoft SQL Server\150\Tools\Binn\;C:\Program Files\Microsoft SQL Server\150\Tools\Binn\;C:\Program Files\Microsoft SQL Server\150\DTS\Binn\;C:\Program Files (x86)\Windows Kits\8.1\Windows Performance Toolkit\;C:\Program Files\NVIDIA Corporation\NVIDIA App\NvDLISR;C:\Program Files\Git\cmd;C:\Users\ENP\AppData\Local\Microsoft\WindowsApps;C:\Users\ENP\AppData\Local\Programs\Microsoft VS Code\bin;C:\Users\ENP\.dotnet\tools;C:\Users\ENP\AppData\Local\atom\bin
USERNAME=ENP
OS=Windows_NT
PROCESSOR_IDENTIFIER=AMD64 Family 23 Model 8 Stepping 2, AuthenticAMD
TMP=C:\Users\ENP\AppData\Local\Temp
TEMP=C:\Users\ENP\AppData\Local\Temp




Periodic native trim disabled

JNI global refs:
JNI global refs: 0, weak refs: 0

JNI global refs memory usage: 0, weak refs: 0

Process memory usage:
Resident Set Size: 12228K (0% of 25087916K total physical memory with 1813332K free physical memory)

OOME stack traces (most recent first):
Classloader memory used:

---------------  S Y S T E M  ---------------

OS:
 Windows 11 , 64 bit Build 26100 (10.0.26100.4484)
OS uptime: 1 days 20:32 hours

CPU: total 16 (initial active 16) (16 cores per cpu, 2 threads per core) family 23 model 8 stepping 2 microcode 0x800820e, cx8, cmov, fxsr, ht, mmx, 3dnowpref, sse, sse2, sse3, ssse3, sse4a, sse4.1, sse4.2, popcnt, lzcnt, tsc, tscinvbit, avx, avx2, aes, clmul, bmi1, bmi2, adx, sha, fma, vzeroupper, clflush, clflushopt, rdtscp, f16c
Processor Information for the first 16 processors :
  Max Mhz: 3200, Current Mhz: 3200, Mhz Limit: 3200

Memory: 4k page, system-wide physical 24499M (1770M free)
TotalPageFile size 41907M (AvailPageFile size 1483M)
current process WorkingSet (physical memory assigned to process): 11M, peak: 11M
current process commit charge ("private bytes"): 21M, peak: 22M

vm_info: OpenJDK 64-Bit Server VM (21.0.7+6-b1038.58) for windows-amd64 JRE (21.0.7+6-b1038.58), built on 2025-07-07 by "builduser" with MS VC++ 16.10 / 16.11 (VS2019)

END.
